<?xml version="1.0" encoding="UTF-8"?>
<!-- Generated by org.testng.reporters.JUnitXMLReporter -->
<testsuite ignored="0" hostname="N-163" failures="1" tests="1" name="Command line test" time="18.243" errors="0" timestamp="2020-01-28T09:47:39 ART">
  <testcase classname="Search.SerchTest" name="SerchByTennis" time="18.083">
    <failure type="java.lang.AssertionError" message="expected [&amp;quot;0 results have been found&amp;quot;] but found [No results were found for your search &amp;quot;tennis&amp;quot;]">
      <![CDATA[java.lang.AssertionError: expected ["0 results have been found"] but found [No results were found for your search "tennis"]
at Search.SerchTest.SerchByTennis(SerchTest.java:23)
at java.base/java.util.ArrayList.forEach(ArrayList.java:1507)
... Removed 41 stack frames]]>
    </failure>
  </testcase> <!-- SerchByTennis -->
</testsuite> <!-- Command line test -->
